Arguments: 
  /Users/lemuelcanady/.nvm/versions/node/v16.13.0/bin/node /Users/lemuelcanady/.nvm/versions/node/v16.13.0/bin/yarn add @truffle/hdwalletprovider

PATH: 
  /Users/lemuelcanady/.nvm/versions/node/v16.13.0/bin:/opt/homebrew/bin:/opt/homebrew/sbin:/usr/local/bin:/usr/bin:/bin:/usr/sbin:/sbin:/Library/Apple/usr/bin:/Users/lemuelcanady/.nvm/versions/node/v16.13.0/bin:/opt/homebrew/bin:/opt/homebrew/sbin

Yarn version: 
  1.22.17

Node version: 
  16.13.0

Platform: 
  darwin arm64

Trace: 
  Error: https://registry.yarnpkg.com/@truffle%2fhdwalletprovider: Not found
      at Request.params.callback [as _callback] (/Users/lemuelcanady/.nvm/versions/node/v16.13.0/lib/node_modules/yarn/lib/cli.js:67029:18)
      at Request.self.callback (/Users/lemuelcanady/.nvm/versions/node/v16.13.0/lib/node_modules/yarn/lib/cli.js:140883:22)
      at Request.emit (node:events:390:28)
      at Request.<anonymous> (/Users/lemuelcanady/.nvm/versions/node/v16.13.0/lib/node_modules/yarn/lib/cli.js:141855:10)
      at Request.emit (node:events:390:28)
      at IncomingMessage.<anonymous> (/Users/lemuelcanady/.nvm/versions/node/v16.13.0/lib/node_modules/yarn/lib/cli.js:141777:12)
      at Object.onceWrapper (node:events:509:28)
      at IncomingMessage.emit (node:events:402:35)
      at endReadableNT (node:internal/streams/readable:1343:12)
      at processTicksAndRejections (node:internal/process/task_queues:83:21)

npm manifest: 
  {
    "name": "gotchi",
    "version": "1.0.0",
    "description": "",
    "main": "truffle-config.js",
    "directories": {
      "test": "test"
    },
    "scripts": {
      "test": "echo \"Error: no test specified\" && exit 1"
    },
    "keywords": [],
    "author": "",
    "license": "ISC",
    "dependencies": {
      "truffle-plugin-verify": "^0.5.21"
    }
  }

yarn manifest: 
  No manifest

Lockfile: 
  # THIS IS AN AUTOGENERATED FILE. DO NOT EDIT THIS FILE DIRECTLY.
  # yarn lockfile v1
  
  
  axios@^0.21.1:
    version "0.21.4"
    resolved "https://registry.yarnpkg.com/axios/-/axios-0.21.4.tgz#c67b90dc0568e5c1cf2b0b858c43ba28e2eda575"
    integrity sha512-ut5vewkiu8jjGBdqpM44XxjuCjq9LAKeHVmoVfHVzy8eHgxxq8SbAVQNovDA8mVi05kP0Ea/n/UzcSHcTJQfNg==
    dependencies:
      follow-redirects "^1.14.0"
  
  circular@^1.0.5:
    version "1.0.5"
    resolved "https://registry.yarnpkg.com/circular/-/circular-1.0.5.tgz#7da77af98bbde9ce4b5b358cd556b5dded2d3149"
    integrity sha1-fad6+Yu96c5LWzWM1Va13e0tMUk=
  
  cli-logger@^0.5.40:
    version "0.5.40"
    resolved "https://registry.yarnpkg.com/cli-logger/-/cli-logger-0.5.40.tgz#097f0e11b072c7c698a26c47f588a29c20b48b0b"
    integrity sha1-CX8OEbByx8aYomxH9YiinCC0iws=
    dependencies:
      circular "^1.0.5"
      cli-util "~1.1.27"
  
  cli-regexp@~0.1.0:
    version "0.1.2"
    resolved "https://registry.yarnpkg.com/cli-regexp/-/cli-regexp-0.1.2.tgz#6bcd93b09fb2ed1025d30a1155d5997954a53512"
    integrity sha1-a82TsJ+y7RAl0woRVdWZeVSlNRI=
  
  cli-util@~1.1.27:
    version "1.1.27"
    resolved "https://registry.yarnpkg.com/cli-util/-/cli-util-1.1.27.tgz#42d69e36a040a321fc9cf851c1513cadc5093054"
    integrity sha1-QtaeNqBAoyH8nPhRwVE8rcUJMFQ=
    dependencies:
      cli-regexp "~0.1.0"
  
  delay@^5.0.0:
    version "5.0.0"
    resolved "https://registry.yarnpkg.com/delay/-/delay-5.0.0.tgz#137045ef1b96e5071060dd5be60bf9334436bd1d"
    integrity sha512-ReEBKkIfe4ya47wlPYf/gu5ib6yUG0/Aez0JQZQz94kiWtRQvZIQbTiehsnwHvLSWJnQdhVeqYue7Id1dKr0qw==
  
  follow-redirects@^1.14.0:
    version "1.14.9"
    resolved "https://registry.yarnpkg.com/follow-redirects/-/follow-redirects-1.14.9.tgz#dd4ea157de7bfaf9ea9b3fbd85aa16951f78d8d7"
    integrity sha512-MQDfihBQYMcyy5dhRDJUHcw7lb2Pv/TuE6xP1vyraLukNDHKbDxDNaOE3NbCAdKQApno+GPRyo1YAp89yCjK4w==
  
  querystring@^0.2.1:
    version "0.2.1"
    resolved "https://registry.yarnpkg.com/querystring/-/querystring-0.2.1.tgz#40d77615bb09d16902a85c3e38aa8b5ed761c2dd"
    integrity sha512-wkvS7mL/JMugcup3/rMitHmd9ecIGd2lhFhK9N3UUQ450h66d1r3Y9nvXzQAW1Lq+wyx61k/1pfKS5KuKiyEbg==
  
  truffle-plugin-verify@^0.5.21:
    version "0.5.21"
    resolved "https://registry.yarnpkg.com/truffle-plugin-verify/-/truffle-plugin-verify-0.5.21.tgz#cab1ea49f8287c471c4ef14d34600db903896767"
    integrity sha512-5NxJE/zgep3tWgrjrERhXPPqjB2vXekP6ovGx1AdqdZil7M7CoSWXDum/9cnHAajNJ3uYKsZugM5OoSp8o9cMg==
    dependencies:
      axios "^0.21.1"
      cli-logger "^0.5.40"
      delay "^5.0.0"
      querystring "^0.2.1"
      tunnel "0.0.6"
  
  tunnel@0.0.6:
    version "0.0.6"
    resolved "https://registry.yarnpkg.com/tunnel/-/tunnel-0.0.6.tgz#72f1314b34a5b192db012324df2cc587ca47f92c"
    integrity sha512-1h/Lnq9yajKY2PEbBadPXj3VxsDDu844OnaAo52UVmIzIvwwtBPIuNvkjuzBlTWpfJyUbG3ez0KSBibQkj4ojg==
